
@APIAssignment @APIAssignmentScenario1
Scenario: 1. Get player scoring stats                                                       # src/test/resources/Features/APIAssignmentTests.feature:8
Starting this scenario


API call is http://api.football-data.org/v2/competitions/2021/scorers?standingType=HOME
Response code is 200
Response Body of the API call is {"count":10,"filters":{"limit":10},"competition":{"id":2021,"area":{"id":2072,"name":"England"},"name":"Premier League","code":"PL","plan":"TIER_ONE","lastUpdated":"2021-04-17T02:20:14Z"},"season":{"id":733,"startDate":"2021-08-13","endDate":"2022-05-22","currentMatchday":10,"winner":null},"scorers":[{"player":{"id":3754,"name":"Mohamed Salah","firstName":"Mohamed Salah","lastName":null,"dateOfBirth":"1992-06-15","countryOfBirth":"Egypt","nationality":"Egypt","position":"Attacker","shirtNumber":null,"lastUpdated":"2020-09-07T21:02:43Z"},"team":{"id":64,"name":"Liverpool FC"},"numberOfGoals":10},{"player":{"id":3330,"name":"Jamie Vardy","firstName":"Jamie","lastName":null,"dateOfBirth":"1987-01-11","countryOfBirth":"England","nationality":"England","position":"Attacker","shirtNumber":null,"lastUpdated":"2020-11-26T02:14:30Z"},"team":{"id":338,"name":"Leicester City FC"},"numberOfGoals":7},{"player":{"id":8212,"name":"Michail Antonio","firstName":"Michail Gregory","lastName":null,"dateOfBirth":"1990-03-28","countryOfBirth":"England","nationality":"England","position":"Midfielder","shirtNumber":null,"lastUpdated":"2020-09-07T21:03:07Z"},"team":{"id":563,"name":"West Ham United FC"},"numberOfGoals":6},{"player":{"id":3626,"name":"Sadio Mané","firstName":"Sadio","lastName":null,"dateOfBirth":"1992-04-10","countryOfBirth":"Senegal","nationality":"Senegal","position":"Attacker","shirtNumber":null,"lastUpdated":"2020-09-07T21:02:43Z"},"team":{"id":64,"name":"Liverpool FC"},"numberOfGoals":5},{"player":{"id":3257,"name":"Bruno Fernandes","firstName":"Bruno Miguel","lastName":null,"dateOfBirth":"1994-09-08","countryOfBirth":"Portugal","nationality":"Portugal","position":"Midfielder","shirtNumber":null,"lastUpdated":"2021-02-25T13:37:26Z"},"team":{"id":66,"name":"Manchester United FC"},"numberOfGoals":4},{"player":{"id":101075,"name":"Mason Greenwood","firstName":"Mason","lastName":null,"dateOfBirth":"2001-10-01","countryOfBirth":"England","nationality":"England","position":"Attacker","shirtNumber":null,"lastUpdated":"2020-09-07T21:02:46Z"},"team":{"id":66,"name":"Manchester United FC"},"numberOfGoals":4},{"player":{"id":3638,"name":"Ismaïla Sarr","firstName":"Ismaïla","lastName":null,"dateOfBirth":"1998-02-25","countryOfBirth":"Senegal","nationality":"Senegal","position":"Attacker","shirtNumber":null,"lastUpdated":"2021-03-05T13:45:40Z"},"team":{"id":346,"name":"Watford FC"},"numberOfGoals":4},{"player":{"id":4443,"name":"Neal Maupay","firstName":"Neal","lastName":null,"dateOfBirth":"1996-08-14","countryOfBirth":"France","nationality":"France","position":"Attacker","shirtNumber":null,"lastUpdated":"2020-09-07T21:03:05Z"},"team":{"id":397,"name":"Brighton & Hove Albion FC"},"numberOfGoals":4},{"player":{"id":4092,"name":"Diogo Jota","firstName":"Diogo José","lastName":null,"dateOfBirth":"1996-12-04","countryOfBirth":"Portugal","nationality":"Portugal","position":"Attacker","shirtNumber":null,"lastUpdated":"2020-09-07T21:02:52Z"},"team":{"id":64,"name":"Liverpool FC"},"numberOfGoals":4},{"player":{"id":3233,"name":"Roberto Firmino","firstName":"Roberto Firmino","lastName":null,"dateOfBirth":"1991-10-02","countryOfBirth":"Brazil","nationality":"Brazil","position":"Attacker","shirtNumber":null,"lastUpdated":"2020-09-07T21:02:43Z"},"team":{"id":64,"name":"Liverpool FC"},"numberOfGoals":4}]}
  Given I perform an API request to fetch all available player scoring stats for the season # StepDefinitions.APIAssignmentDefinition.fetchAvailablePlayerStats()

SEASON NAME: Premier League

| Player : Mohamed Salah		 | Number of goals : 10 |
| Player : Jamie Vardy		 | Number of goals : 7 |
| Player : Michail Antonio		 | Number of goals : 6 |
| Player : Sadio Mané		 | Number of goals : 5 |
| Player : Neal Maupay		 | Number of goals : 4 |
| Player : Mason Greenwood		 | Number of goals : 4 |
| Player : Ismaïla Sarr		 | Number of goals : 4 |
| Player : Diogo Jota		 | Number of goals : 4 |
| Player : Bruno Fernandes		 | Number of goals : 4 |
  And I create a list of Top ten players based on points                                    # StepDefinitions.APIAssignmentDefinition.listTopTenPlayers()
Ending up the scenario

@APIAssignment @APIAssignmentScenario2
Scenario: 2. Get team scoring stats                                                       # src/test/resources/Features/APIAssignmentTests.feature:13
Starting this scenario


API call is https://api.football-data.org/v2/competitions/2021/standings?standingType=HOME
Response code is 200
Response Body of the API call is {"filters":{},"competition":{"id":2021,"area":{"id":2072,"name":"England"},"name":"Premier League","code":"PL","plan":"TIER_ONE","lastUpdated":"2021-04-17T02:20:14Z"},"season":{"id":733,"startDate":"2021-08-13","endDate":"2022-05-22","currentMatchday":10,"winner":null},"standings":[{"stage":"REGULAR_SEASON","type":"TOTAL","group":null,"table":[{"position":1,"team":{"id":61,"name":"Chelsea FC","crestUrl":"https://crests.football-data.org/61.svg"},"playedGames":9,"form":null,"won":7,"draw":1,"lost":1,"points":22,"goalsFor":23,"goalsAgainst":3,"goalDifference":20},{"position":2,"team":{"id":64,"name":"Liverpool FC","crestUrl":"https://crests.football-data.org/64.svg"},"playedGames":9,"form":null,"won":6,"draw":3,"lost":0,"points":21,"goalsFor":27,"goalsAgainst":6,"goalDifference":21},{"position":3,"team":{"id":65,"name":"Manchester City FC","crestUrl":"https://crests.football-data.org/65.svg"},"playedGames":9,"form":null,"won":6,"draw":2,"lost":1,"points":20,"goalsFor":20,"goalsAgainst":4,"goalDifference":16},{"position":4,"team":{"id":563,"name":"West Ham United FC","crestUrl":"https://crests.football-data.org/563.svg"},"playedGames":9,"form":null,"won":5,"draw":2,"lost":2,"points":17,"goalsFor":16,"goalsAgainst":10,"goalDifference":6},{"position":5,"team":{"id":397,"name":"Brighton & Hove Albion FC","crestUrl":"https://crests.football-data.org/397.svg"},"playedGames":9,"form":null,"won":4,"draw":3,"lost":2,"points":15,"goalsFor":9,"goalsAgainst":9,"goalDifference":0},{"position":6,"team":{"id":73,"name":"Tottenham Hotspur FC","crestUrl":"https://crests.football-data.org/73.svg"},"playedGames":9,"form":null,"won":5,"draw":0,"lost":4,"points":15,"goalsFor":9,"goalsAgainst":13,"goalDifference":-4},{"position":7,"team":{"id":66,"name":"Manchester United FC","crestUrl":"https://crests.football-data.org/66.svg"},"playedGames":9,"form":null,"won":4,"draw":2,"lost":3,"points":14,"goalsFor":16,"goalsAgainst":15,"goalDifference":1},{"position":8,"team":{"id":62,"name":"Everton FC","crestUrl":"https://crests.football-data.org/62.svg"},"playedGames":9,"form":null,"won":4,"draw":2,"lost":3,"points":14,"goalsFor":15,"goalsAgainst":14,"goalDifference":1},{"position":9,"team":{"id":338,"name":"Leicester City FC","crestUrl":"https://crests.football-data.org/338.svg"},"playedGames":9,"form":null,"won":4,"draw":2,"lost":3,"points":14,"goalsFor":15,"goalsAgainst":15,"goalDifference":0},{"position":10,"team":{"id":57,"name":"Arsenal FC","crestUrl":"https://crests.football-data.org/57.svg"},"playedGames":9,"form":null,"won":4,"draw":2,"lost":3,"points":14,"goalsFor":10,"goalsAgainst":13,"goalDifference":-3},{"position":11,"team":{"id":76,"name":"Wolverhampton Wanderers FC","crestUrl":"https://crests.football-data.org/76.svg"},"playedGames":9,"form":null,"won":4,"draw":1,"lost":4,"points":13,"goalsFor":9,"goalsAgainst":9,"goalDifference":0},{"position":12,"team":{"id":402,"name":"Brentford FC","crestUrl":"https://crests.football-data.org/402.svg"},"playedGames":9,"form":null,"won":3,"draw":3,"lost":3,"points":12,"goalsFor":11,"goalsAgainst":9,"goalDifference":2},{"position":13,"team":{"id":58,"name":"Aston Villa FC","crestUrl":"https://crests.football-data.org/58.svg"},"playedGames":9,"form":null,"won":3,"draw":1,"lost":5,"points":10,"goalsFor":13,"goalsAgainst":15,"goalDifference":-2},{"position":14,"team":{"id":346,"name":"Watford FC","crestUrl":"https://crests.football-data.org/346.svg"},"playedGames":9,"form":null,"won":3,"draw":1,"lost":5,"points":10,"goalsFor":12,"goalsAgainst":17,"goalDifference":-5},{"position":15,"team":{"id":354,"name":"Crystal Palace FC","crestUrl":"https://crests.football-data.org/354.svg"},"playedGames":9,"form":null,"won":1,"draw":6,"lost":2,"points":9,"goalsFor":11,"goalsAgainst":14,"goalDifference":-3},{"position":16,"team":{"id":340,"name":"Southampton FC","crestUrl":"https://crests.football-data.org/340.svg"},"playedGames":9,"form":null,"won":1,"draw":5,"lost":3,"points":8,"goalsFor":8,"goalsAgainst":12,"goalDifference":-4},{"position":17,"team":{"id":341,"name":"Leeds United FC","crestUrl":"https://crests.football-data.org/341.svg"},"playedGames":9,"form":null,"won":1,"draw":4,"lost":4,"points":7,"goalsFor":8,"goalsAgainst":16,"goalDifference":-8},{"position":18,"team":{"id":328,"name":"Burnley FC","crestUrl":"https://crests.football-data.org/328.svg"},"playedGames":9,"form":null,"won":0,"draw":4,"lost":5,"points":4,"goalsFor":7,"goalsAgainst":15,"goalDifference":-8},{"position":19,"team":{"id":67,"name":"Newcastle United FC","crestUrl":"https://crests.football-data.org/67.svg"},"playedGames":9,"form":null,"won":0,"draw":4,"lost":5,"points":4,"goalsFor":11,"goalsAgainst":20,"goalDifference":-9},{"position":20,"team":{"id":68,"name":"Norwich City FC","crestUrl":"https://upload.wikimedia.org/wikipedia/en/8/8c/Norwich_City.svg"},"playedGames":9,"form":null,"won":0,"draw":2,"lost":7,"points":2,"goalsFor":2,"goalsAgainst":23,"goalDifference":-21}]}]}
  Given I perform an API request to fetch all available team scoring stats for the season # StepDefinitions.APIAssignmentDefinition.fetchAvailableTeamStats()

SEASON NAME: Premier League

[1, 2, 3, 4, 5, 6, 7, 8, 9, 10, 11, 12, 13, 14, 15, 16, 17, 18, 19, 20]
| Rank =  1 | Team Name = Chelsea FC | Points = 22
| Rank =  2 | Team Name = Liverpool FC | Points = 21
| Rank =  3 | Team Name = Manchester City FC | Points = 20
| Rank =  4 | Team Name = West Ham United FC | Points = 17
| Rank =  5 | Team Name = Brighton & Hove Albion FC | Points = 15
| Rank =  6 | Team Name = Tottenham Hotspur FC | Points = 15
| Rank =  7 | Team Name = Manchester United FC | Points = 14
| Rank =  8 | Team Name = Everton FC | Points = 14
| Rank =  9 | Team Name = Leicester City FC | Points = 14
| Rank =  10 | Team Name = Arsenal FC | Points = 14
  And I create a list of Top ten teams based on points                                    # StepDefinitions.APIAssignmentDefinition.listTopTenTeams()
Ending up the scenario

@APIAssignment @APIAssignmentScenario3
Scenario: 3. Get overall team standings                                                       # src/test/resources/Features/APIAssignmentTests.feature:18
Starting this scenario

# NOTE: Trying to print the team details as I could not get the correct API that works for team standing at the end of the season

API call is https://api.football-data.org/v2/competitions/2021/teams
Response code is 200
Response Body of the API call is {"count":20,"filters":{},"competition":{"id":2021,"area":{"id":2072,"name":"England"},"name":"Premier League","code":"PL","plan":"TIER_ONE","lastUpdated":"2021-04-17T02:20:14Z"},"season":{"id":733,"startDate":"2021-08-13","endDate":"2022-05-22","currentMatchday":10,"winner":null},"teams":[{"id":57,"area":{"id":2072,"name":"England"},"name":"Arsenal FC","shortName":"Arsenal","tla":"ARS","crestUrl":"https://crests.football-data.org/57.svg","address":"75 Drayton Park London N5 1BU","phone":"+44 (020) 76195003","website":"http://www.arsenal.com","email":"info@arsenal.co.uk","founded":1886,"clubColors":"Red / White","venue":"Emirates Stadium","lastUpdated":"2020-11-26T02:15:20Z"},{"id":58,"area":{"id":2072,"name":"England"},"name":"Aston Villa FC","shortName":"Aston Villa","tla":"AST","crestUrl":"https://crests.football-data.org/58.svg","address":"Villa Park Birmingham B6 6HE","phone":"+44 (0121) 3272299","website":"http://www.avfc.co.uk","email":null,"founded":1872,"clubColors":"Claret / Sky Blue","venue":"Villa Park","lastUpdated":"2021-03-03T09:46:16Z"},{"id":61,"area":{"id":2072,"name":"England"},"name":"Chelsea FC","shortName":"Chelsea","tla":"CHE","crestUrl":"https://crests.football-data.org/61.svg","address":"Fulham Road London SW6 1HS","phone":"+44 (0871) 9841955","website":"http://www.chelseafc.com","email":null,"founded":1905,"clubColors":"Royal Blue / White","venue":"Stamford Bridge","lastUpdated":"2020-11-26T02:14:18Z"},{"id":62,"area":{"id":2072,"name":"England"},"name":"Everton FC","shortName":"Everton","tla":"EVE","crestUrl":"https://crests.football-data.org/62.svg","address":"Goodison Park Liverpool L4 4EL","phone":"+44 (0871) 6631878","website":"http://www.evertonfc.com","email":"everton@evertonfc.com","founded":1878,"clubColors":"Blue / White","venue":"Goodison Park","lastUpdated":"2021-04-12T13:10:14Z"},{"id":64,"area":{"id":2072,"name":"England"},"name":"Liverpool FC","shortName":"Liverpool","tla":"LIV","crestUrl":"https://crests.football-data.org/64.svg","address":"Anfield Road Liverpool L4 0TH","phone":"+44 (0844) 4993000","website":"http://www.liverpoolfc.tv","email":"customercontact@liverpoolfc.tv","founded":1892,"clubColors":"Red / White","venue":"Anfield","lastUpdated":"2021-04-14T07:42:22Z"},{"id":65,"area":{"id":2072,"name":"England"},"name":"Manchester City FC","shortName":"Man City","tla":"MCI","crestUrl":"https://crests.football-data.org/65.svg","address":"SportCity Manchester M11 3FF","phone":"+44 (0870) 0621894","website":"https://www.mancity.com","email":"mancity@mancity.com","founded":1880,"clubColors":"Sky Blue / White","venue":"Etihad Stadium","lastUpdated":"2021-04-14T07:43:27Z"},{"id":66,"area":{"id":2072,"name":"England"},"name":"Manchester United FC","shortName":"Man United","tla":"MUN","crestUrl":"https://crests.football-data.org/66.svg","address":"Sir Matt Busby Way Manchester M16 0RA","phone":"+44 (0161) 8688000","website":"http://www.manutd.com","email":"enquiries@manutd.co.uk","founded":1878,"clubColors":"Red / White","venue":"Old Trafford","lastUpdated":"2021-04-08T22:19:28Z"},{"id":67,"area":{"id":2072,"name":"England"},"name":"Newcastle United FC","shortName":"Newcastle","tla":"NEW","crestUrl":"https://crests.football-data.org/67.svg","address":"Sports Direct Arena Newcastle upon Tyne NE1 4ST","phone":null,"website":"http://www.nufc.co.uk","email":"admin@nufc.co.uk","founded":1881,"clubColors":"Black / White","venue":"St. James' Park","lastUpdated":"2020-11-26T02:14:26Z"},{"id":68,"area":{"id":2072,"name":"England"},"name":"Norwich City FC","shortName":"Norwich","tla":"NOR","crestUrl":"https://upload.wikimedia.org/wikipedia/en/8/8c/Norwich_City.svg","address":"Carrow Road Norwich NR1 1JE","phone":null,"website":"http://www.canaries.co.uk","email":"reception@ncfc-canaries.co.uk","founded":1902,"clubColors":"Yellow / Green","venue":"Carrow Road","lastUpdated":"2021-04-20T18:23:20Z"},{"id":73,"area":{"id":2072,"name":"England"},"name":"Tottenham Hotspur FC","shortName":"Tottenham","tla":"TOT","crestUrl":"https://crests.football-data.org/73.svg","address":"Bill Nicholson Way, 748 High Road London N17 0AP","phone":"+44 (0844) 4995000","website":"http://www.tottenhamhotspur.com","email":"customer.care@tottenhamhotspur.com","founded":1882,"clubColors":"Navy Blue / White","venue":"Tottenham Hotspur Stadium","lastUpdated":"2020-11-20T07:12:32Z"},{"id":76,"area":{"id":2072,"name":"England"},"name":"Wolverhampton Wanderers FC","shortName":"Wolverhampton","tla":"WOL","crestUrl":"https://crests.football-data.org/76.svg","address":"Waterloo Road Wolverhampton WV1 4QR","phone":"+44 (0871) 2222220","website":"http://www.wolves.co.uk","email":"info@wolves.co.uk","founded":1877,"clubColors":"Black / Gold","venue":"Molineux Stadium","lastUpdated":"2021-04-09T02:25:24Z"},{"id":328,"area":{"id":2072,"name":"England"},"name":"Burnley FC","shortName":"Burnley","tla":"BUR","crestUrl":"https://crests.football-data.org/328.svg","address":"Harry Potts Way Burnley BB10 4BX","phone":"+44 (0871) 2211882","website":"http://www.burnleyfootballclub.com","email":"info@burnleyfc.com","founded":1881,"clubColors":"Claret / Sky Blue","venue":"Turf Moor","lastUpdated":"2020-11-26T02:14:29Z"},{"id":338,"area":{"id":2072,"name":"England"},"name":"Leicester City FC","shortName":"Leicester City","tla":"LEI","crestUrl":"https://crests.football-data.org/338.svg","address":"The Walkers Stadium, Filbert Way Leicester LE2 7FL","phone":"+44 (0844) 8156000","website":"http://www.lcfc.com","email":null,"founded":1884,"clubColors":"Royal Blue / White","venue":"King Power Stadium","lastUpdated":"2020-11-26T02:14:30Z"},{"id":340,"area":{"id":2072,"name":"England"},"name":"Southampton FC","shortName":"Southampton","tla":"SOU","crestUrl":"https://crests.football-data.org/340.svg","address":"Britannia Road Southampton SO14 5FP","phone":null,"website":"http://www.saintsfc.co.uk","email":"sfc@saintsfc.co.uk","founded":1885,"clubColors":"Red / White / Black","venue":"St. Mary's Stadium","lastUpdated":"2021-04-12T13:03:01Z"},{"id":341,"area":{"id":2072,"name":"England"},"name":"Leeds United FC","shortName":"Leeds United","tla":"LEE","crestUrl":"https://crests.football-data.org/341.svg","address":"Elland Road Leeds LS11 0ES","phone":"+44 (0871) 3341919","website":"http://www.leedsunited.com","email":"reception@leedsunited.com","founded":1904,"clubColors":"White / Blue","venue":"Elland Road","lastUpdated":"2021-04-10T13:38:41Z"},{"id":346,"area":{"id":2072,"name":"England"},"name":"Watford FC","shortName":"Watford","tla":"WAT","crestUrl":"https://crests.football-data.org/346.svg","address":"Vicarage Road Watford WD18 0ER","phone":null,"website":"http://www.watfordfc.com","email":"yourvoice@watfordfc.com","founded":1881,"clubColors":"Yellow / Black","venue":"Vicarage Road Stadium","lastUpdated":"2020-11-26T02:16:48Z"},{"id":354,"area":{"id":2072,"name":"England"},"name":"Crystal Palace FC","shortName":"Crystal Palace","tla":"CRY","crestUrl":"https://crests.football-data.org/354.svg","address":"Whitehorse Lane London SE25 6PU","phone":"+44 (020) 87686000","website":"http://www.cpfc.co.uk","email":"info@cpfc.co.uk","founded":1905,"clubColors":"Red / Blue","venue":"Selhurst Park","lastUpdated":"2020-11-26T02:14:34Z"},{"id":397,"area":{"id":2072,"name":"England"},"name":"Brighton & Hove Albion FC","shortName":"Brighton Hove","tla":"BHA","crestUrl":"https://crests.football-data.org/397.svg","address":"44 North Road Brighton & Hove BN1 1YR","phone":"+44 (01273) 878288","website":"http://www.seagulls.co.uk","email":"seagulls@bhafc.co.uk","founded":1898,"clubColors":"Blue / White","venue":"The American Express Community Stadium","lastUpdated":"2021-04-12T13:10:44Z"},{"id":402,"area":{"id":2072,"name":"England"},"name":"Brentford FC","shortName":"Brentford","tla":"BRE","crestUrl":"https://crests.football-data.org/402.svg","address":"Braemar Road Brentford TW8 0NT","phone":null,"website":"http://www.brentfordfc.co.uk","email":"enquiries@brentfordfc.co.uk","founded":1889,"clubColors":"Red / White / Black","venue":"Griffin Park","lastUpdated":"2020-09-10T02:53:44Z"},{"id":563,"area":{"id":2072,"name":"England"},"name":"West Ham United FC","shortName":"West Ham","tla":"WHU","crestUrl":"https://crests.football-data.org/563.svg","address":"Queen Elizabeth Olympic Park, London London E20 2ST","phone":"+44 (020) 85482794","website":"http://www.whufc.com","email":"yourcomments@westhamunited.co.uk","founded":1895,"clubColors":"Claret / Sky Blue","venue":"London Stadium","lastUpdated":"2021-01-22T16:56:20Z"}]}
  Given I perform an API request to fetch the overall team standings at the end of the season # StepDefinitions.APIAssignmentDefinition.fetchOverallTeamStandingsEndofTheSeason()

SEASON NAME: Premier League

| Team Name = Arsenal FC| ID =  57 |
| Team Name = Aston Villa FC| ID =  58 |
| Team Name = Chelsea FC| ID =  61 |
| Team Name = Everton FC| ID =  62 |
| Team Name = Liverpool FC| ID =  64 |
| Team Name = Manchester City FC| ID =  65 |
| Team Name = Manchester United FC| ID =  66 |
| Team Name = Newcastle United FC| ID =  67 |
| Team Name = Norwich City FC| ID =  68 |
| Team Name = Tottenham Hotspur FC| ID =  73 |
| Team Name = Wolverhampton Wanderers FC| ID =  76 |
| Team Name = Burnley FC| ID =  328 |
| Team Name = Leicester City FC| ID =  338 |
| Team Name = Southampton FC| ID =  340 |
| Team Name = Leeds United FC| ID =  341 |
| Team Name = Watford FC| ID =  346 |
| Team Name = Crystal Palace FC| ID =  354 |
| Team Name = Brighton & Hove Albion FC| ID =  397 |
| Team Name = Brentford FC| ID =  402 |
  And I create a list of team standings                                                       # StepDefinitions.APIAssignmentDefinition.listTeamStandingsEndOftheSeason()
Ending up the scenario

3 Scenarios (3 passed)
6 Steps (6 passed)
0m6.712s


End of the API suite
